<?xml version="1.0" encoding="ISO-8859-1"?>
<configuration xmlns:xsi="http://www.w3.org/2001/XMLSchema-instance" xsi:schemaLocation="http://www.exoplaform.org/xml/ns/kernel_1_0.xsd http://www.exoplaform.org/xml/ns/kernel_1_0.xsd"
  xmlns="http://www.exoplaform.org/xml/ns/kernel_1_0.xsd">

   <component>
    <key>org.exoplatform.calendar.service.CalendarService</key>
    <type>org.exoplatform.calendar.service.impl.CalendarServiceImpl</type>
    <init-params>
      <properties-param>
        <name>eventNumber.info</name>
        <property name="eventNumber" value="100"/>         
      </properties-param>
    </init-params>
  </component>
  
  <component>
    <key>org.exoplatform.services.scheduler.JobSchedulerService</key>
    <type>org.exoplatform.services.scheduler.impl.JobSchedulerServiceImpl</type>
  </component>
  <component>
     <type>org.exoplatform.services.scheduler.impl.QuartzSheduler</type>
   </component>
   <component>
      <type>org.exoplatform.services.scheduler.QueueTasks</type>
   </component>
  
  <component>
    <key>org.exoplatform.services.organization.OrganizationService</key>
    <type>org.exoplatform.services.organization.hibernate.OrganizationServiceImpl</type>
  </component>
  
  <component>
    <key>org.exoplatform.services.database.HibernateService</key>
    <type>org.exoplatform.services.database.impl.HibernateServiceImpl</type>
    <init-params>
      <properties-param>
        <name>hibernate.properties</name>
        <description>Default Hibernate Service</description>
        <property name="hibernate.show_sql" value="false" />
        <property name="hibernate.cglib.use_reflection_optimizer" value="true" />
        <property name="hibernate.connection.url" value="jdbc:hsqldb:mem:target/temp/data/portal" />
        <property name="hibernate.connection.driver_class" value="org.hsqldb.jdbcDriver" />
        <property name="hibernate.connection.autocommit" value="true" />
        <property name="hibernate.connection.username" value="sa" />
        <property name="hibernate.connection.password" value="" />
        <property name="hibernate.dialect" value="org.hibernate.dialect.HSQLDialect" />
        <property name="hibernate.c3p0.min_size" value="5" />
        <property name="hibernate.c3p0.max_size" value="20" />
        <property name="hibernate.c3p0.timeout" value="1800" />
        <property name="hibernate.c3p0.max_statements" value="50" />
      </properties-param>
    </init-params>
  </component>
  
  <component>
    <key>org.exoplatform.services.cache.CacheService</key>
    <jmx-name>cache:type=CacheService</jmx-name>
    <type>org.exoplatform.services.cache.impl.CacheServiceImpl</type>
    <init-params>
      <object-param>
        <name>cache.config.default</name>
        <description>The default cache configuration</description>
        <object type="org.exoplatform.services.cache.ExoCacheConfig">
          <field name="name"><string>default</string></field>
          <field name="maxSize"><int>30000</int></field>
          <field name="liveTime"><long>60000</long></field>
          <field name="distributed"><boolean>false</boolean></field>
          <field name="implementation"><string>org.exoplatform.services.cache.concurrent.ConcurrentFIFOExoCache</string></field>
        </object>
      </object-param>
    </init-params>
  </component> 
  
   <component>
    <key>org.exoplatform.services.cache.ExoCacheFactory</key>
    <type>org.exoplatform.services.cache.impl.jboss.ExoCacheFactoryImpl</type>
    <init-params>
      <value-param>
        <name>cache.config.template</name>
        <value>classpath:/conf/jbosscache/cluster/config.xml</value>
      </value-param>
      <value-param profiles="cluster">
        <name>cache.config.template</name>
        <value>classpath:/conf/jbosscache/cluster/config.xml</value>
      </value-param>
    </init-params>
  </component>
  <component>
    <key>org.exoplatform.services.log.LogConfigurationInitializer</key>
    <type>org.exoplatform.services.log.LogConfigurationInitializer</type>
    <init-params>
      <value-param>
        <name>logger</name>
        <value>org.exoplatform.services.log.impl.BufferedLog4JLogger</value>
      </value-param>
      <value-param>
        <name>configurator</name>
        <value>org.exoplatform.services.log.impl.Log4JConfigurator</value>
      </value-param>
      <properties-param>
        <name>properties</name>
        <description>Log4J properties</description>
        <property name="log4j.rootLogger" value="INFO, stdout, file"/>

        <property name="log4j.appender.stdout" value="org.apache.log4j.ConsoleAppender"/>
        <property name="log4j.appender.stdout.threshold" value="INFO"/>

        <property name="log4j.appender.stdout.layout" value="org.apache.log4j.PatternLayout"/>
        <property name="log4j.appender.stdout.layout.ConversionPattern" value="%d{dd.MM.yyyy HH:mm:ss} *%-5p* [%t] %c{1}: %m (%F, line %L) %n"/>

        <property name="log4j.appender.file" value="org.apache.log4j.FileAppender"/>
        <property name="log4j.appender.file.File" value="target/jcr.log"/>

        <property name="log4j.appender.file.layout" value="org.apache.log4j.PatternLayout"/>
        <property name="log4j.appender.file.layout.ConversionPattern" value="%d{dd.MM.yyyy HH:mm:ss} *%-5p* [%t] %c{1}: %m (%F, line %L) %n"/>

        <!-- property name="log4j.category.ext.BackupScheduler" value="DEBUG"/>
        <property name="log4j.category.ext.BackupManagerImpl" value="DEBUG"/ -->

      </properties-param>
    </init-params>
  </component>
  
  <!-- component>
    <key>org.exoplatform.services.organization.auth.AuthenticationService</key>
    <type>org.exoplatform.services.organization.auth.impl.AuthenticationServiceImpl</type>
  </component-->
  
  <!-- REST -->
  
  <component>
    <type>org.exoplatform.services.jcr.ext.app.ThreadLocalSessionProviderService</type>
  </component>
  
  <component>
      <key>org.exoplatform.services.jcr.ext.distribution.DataDistributionManager</key>
      <type>org.exoplatform.services.jcr.ext.distribution.impl.DataDistributionManagerImpl</type>     
  </component>
  <component>
    <key>org.exoplatform.services.jcr.ext.hierarchy.NodeHierarchyCreator</key>
    <type>org.exoplatform.services.jcr.ext.hierarchy.impl.NodeHierarchyCreatorImpl</type>
  </component> 
  

  <component>
    <type>org.exoplatform.services.jcr.ext.registry.RegistryService</type>
    <init-params>
      <properties-param>
      <name>locations</name>
      <property name="repository" value="collaboration"/>
      </properties-param>
    </init-params>
  </component>

    <!-- component>
      <key>org.exoplatform.services.jcr.ext.audit.AuditService</key>
      <type>org.exoplatform.services.jcr.ext.audit.AuditServiceImpl</type>
    </component-->

    <component>
      <key>org.exoplatform.services.jcr.RepositoryService</key>
      <type>org.exoplatform.services.jcr.impl.RepositoryServiceImpl</type>
      <component-plugins>
        <component-plugin>
          <name>add.nodeType</name>
          <set-method>addPlugin</set-method>
          <type>org.exoplatform.services.jcr.impl.AddNodeTypePlugin</type>
          <init-params>
            <values-param>
              <name>autoCreatedInNewRepository</name>
              <description>Node types configuration file</description>
              <value>jar:/conf/portal/test-calendar-nodetypes.xml</value>              
            </values-param>
          </init-params>
        </component-plugin>
      </component-plugins>
    </component>
    
    
  <component>
    <key>org.exoplatform.services.resources.LocaleConfigService</key>
    <type>org.exoplatform.services.resources.impl.LocaleConfigServiceImpl</type>
      <init-params>
        <value-param>
          <name>locale.config.file</name>
          <value>jar:/conf/portal/locales-config.xml</value>
        </value-param>
      </init-params>
  </component>
  
  
  <component>
      <key>org.exoplatform.services.resources.ResourceBundleService</key>
      <type>org.exoplatform.services.resources.impl.SimpleResourceBundleService</type>
        <init-params>
          <values-param>
            <name>classpath.resources</name>
            <description>The resources  that start with the following package name should be load from file system</description>
            <value>locale.portlet</value>
          </values-param>

          <values-param>
            <name>init.resources</name>
            <description>Store the following resources into the db for  the first launch </description>
            <value>locale.test.resources.test</value>
          </values-param>

          <values-param>
            <name>portal.resource.names</name>
            <description>The properties files of  the portal ,  those file will be merged
              into one ResourceBundle properties </description>
            <value>local.portal.portal</value>
            <value>local.portal.custom</value>
          </values-param>
        </init-params>
    </component>
  
    <component>
      <key>org.exoplatform.services.jcr.config.RepositoryServiceConfiguration</key>
      <type>org.exoplatform.services.jcr.impl.config.RepositoryServiceConfigurationImpl</type>
      <init-params>
        <value-param>
          <name>conf-path</name>
          <description>JCR configuration file</description>
          <value>jar:/conf/portal/repository-configuration.xml</value>
        </value-param>
      </init-params>
  </component>
  <component>
      <type>org.exoplatform.services.jcr.impl.ext.action.SessionActionCatalog</type>
      <component-plugins>
      <component-plugin>
      <name>Last Update Action</name>
      <set-method>addPlugin</set-method>
      <type>org.exoplatform.services.jcr.impl.ext.action.AddActionsPlugin</type>
      <description>add actions plugin</description>
      <init-params>
        <object-param>
          <name>actions</name>
          <object type="org.exoplatform.services.jcr.impl.ext.action.AddActionsPlugin$ActionsConfig">
            <field  name="actions">
              <collection type="java.util.ArrayList">                
                <value>
                  <object type="org.exoplatform.services.jcr.impl.ext.action.ActionConfiguration">
                    <field  name="eventTypes"><string>addNode,changeProperty</string></field>
                    <field  name="nodeTypes"><string>exo:calendarEvent</string></field>                     
                    <field  name="actionClassName"><string>org.exoplatform.calendar.service.test.LastUpdateAction</string></field>
                  </object>
                </value>
              </collection>
            </field>
          </object>
        </object-param>
      </init-params>
      </component-plugin>
      </component-plugins>
    </component>
<external-component-plugins>
    <target-component>org.exoplatform.services.jcr.ext.hierarchy.NodeHierarchyCreator</target-component>
    <component-plugin>
      <name>addPaths</name>
      <set-method>addPlugin</set-method>
      <type>org.exoplatform.services.jcr.ext.hierarchy.impl.AddPathPlugin</type>            
      <init-params>
        <object-param>
          <name>cms.configuration</name>
          <description>configuration for the cms path</description>
          <object type="org.exoplatform.services.jcr.ext.hierarchy.impl.HierarchyConfig">
            <field  name="repository"><string>repository</string></field>
            <field name="workspaces">
              <collection type="java.util.ArrayList">
                <value><string>collaboration</string></value>                               
              </collection>                
            </field>
            <field  name="jcrPaths">
              <collection type="java.util.ArrayList">
                <value>                
                   <object type="org.exoplatform.services.jcr.ext.hierarchy.impl.HierarchyConfig$JcrPath">                   
                     <field name="alias"><string>userApplicationData</string></field>
                    <field name="path"><string>ApplicationData</string></field>
                    <field name="nodeType"><string>nt:unstructured</string></field>
                    <field name="permissions">
                      <collection type="java.util.ArrayList">               
                        <value>                            
                          <object type="org.exoplatform.services.jcr.ext.hierarchy.impl.HierarchyConfig$Permission">             
                            <field name="identity"><string>*:/platform/administrators</string></field>
                            <field name="read"><string>true</string></field>                
                            <field name="addNode"><string>true</string></field>                
                            <field name="setProperty"><string>true</string></field>                
                            <field name="remove"><string>true</string></field>                
                          </object>  
                        </value>                        
                      </collection>
                    </field>                                            
                  </object>
                  </value>
                <value>                
                   <object type="org.exoplatform.services.jcr.ext.hierarchy.impl.HierarchyConfig$JcrPath">                   
                     <field  name="alias"><string>eXoApplications</string></field>
                    <field  name="path"><string>/exo:applications</string></field>                                          
                    <field name="permissions">
                      <collection type="java.util.ArrayList">               
                        <value>                            
                          <object type="org.exoplatform.services.jcr.ext.hierarchy.impl.HierarchyConfig$Permission">             
                              <field name="identity"><string>*:/platform/administrators</string></field>
                              <field name="read"><string>true</string></field>                
                              <field name="addNode"><string>true</string></field>                
                              <field name="setProperty"><string>true</string></field>                
                              <field name="remove"><string>true</string></field>                
                            </object>  
                        </value>                        
                      </collection>
                    </field>                        
                  </object>
                </value>
                 <value>                
                   <object type="org.exoplatform.services.jcr.ext.hierarchy.impl.HierarchyConfig$JcrPath">                   
                     <field  name="alias"><string>eXoServices</string></field>
                    <field  name="path"><string>/exo:services</string></field>                    
                    <field name="permissions">
                      <collection type="java.util.ArrayList">               
                        <value>                            
                          <object type="org.exoplatform.services.jcr.ext.hierarchy.impl.HierarchyConfig$Permission">             
                              <field name="identity"><string>*:/platform/administrators</string></field>
                              <field name="read"><string>true</string></field>                
                              <field name="addNode"><string>true</string></field>                
                              <field name="setProperty"><string>true</string></field>                
                              <field name="remove"><string>true</string></field>                
                            </object>  
                        </value>                        
                      </collection>
                    </field>                        
                  </object>
                </value>                
                <value>                
                  <object type="org.exoplatform.services.jcr.ext.hierarchy.impl.HierarchyConfig$JcrPath">                   
                    <field  name="alias"><string>usersPath</string></field>
                    <field  name="path"><string>/Users</string></field>
                    <field name="permissions">
                      <collection type="java.util.ArrayList">               
                        <value>                            
                          <object type="org.exoplatform.services.jcr.ext.hierarchy.impl.HierarchyConfig$Permission">             
                            <field name="identity"><string>*:/platform/administrators</string></field>
                            <field name="read"><string>true</string></field>                
                            <field name="addNode"><string>true</string></field>                
                            <field name="setProperty"><string>true</string></field>                
                            <field name="remove"><string>true</string></field>                
                          </object>  
                        </value>
                        <value>                            
                          <object type="org.exoplatform.services.jcr.ext.hierarchy.impl.HierarchyConfig$Permission">             
                            <field name="identity"><string>any</string></field>
                            <field name="read"><string>true</string></field>                
                            <field name="addNode"><string>false</string></field>                
                            <field name="setProperty"><string>true</string></field>                
                            <field name="remove"><string>false</string></field>                
                          </object>  
                        </value>
                      </collection>
                    </field>                        
                  </object>
                </value>
                <value>                
                  <object type="org.exoplatform.services.jcr.ext.hierarchy.impl.HierarchyConfig$JcrPath">                   
                    <field  name="alias"><string>groupsPath</string></field>
                    <field  name="path"><string>/Groups</string></field>
                    <field name="permissions">
                      <collection type="java.util.ArrayList">               
                        <value>                            
                          <object type="org.exoplatform.services.jcr.ext.hierarchy.impl.HierarchyConfig$Permission">             
                            <field name="identity"><string>*:/platform/administrators</string></field>
                            <field name="read"><string>true</string></field>                
                            <field name="addNode"><string>true</string></field>                
                            <field name="setProperty"><string>true</string></field>                
                            <field name="remove"><string>true</string></field>                
                          </object>  
                        </value>
                        <value>                            
                          <object type="org.exoplatform.services.jcr.ext.hierarchy.impl.HierarchyConfig$Permission">             
                            <field name="identity"><string>any</string></field>
                            <field name="read"><string>true</string></field>                
                            <field name="addNode"><string>false</string></field>                
                            <field name="setProperty"><string>true</string></field>                
                            <field name="remove"><string>false</string></field>                
                          </object>  
                        </value>
                      </collection>
                    </field>                        
                  </object>
                </value>                                                                        
              </collection>                                
            </field>
          </object>
        </object-param>
      </init-params>            
    </component-plugin>
  </external-component-plugins>
  <external-component-plugins>
    <target-component>org.exoplatform.services.database.HibernateService</target-component>
    <component-plugin> 
      <name>add.hibernate.mapping</name>
      <set-method>addPlugin</set-method>
      <type>org.exoplatform.services.database.impl.AddHibernateMappingPlugin</type>
      <init-params>
        <values-param>
          <name>hibernate.mapping</name>
          <value>org/exoplatform/services/organization/impl/UserImpl.hbm.xml</value>
          <value>org/exoplatform/services/organization/impl/MembershipImpl.hbm.xml</value>
          <value>org/exoplatform/services/organization/impl/GroupImpl.hbm.xml</value>
          <value>org/exoplatform/services/organization/impl/MembershipTypeImpl.hbm.xml</value>
          <value>org/exoplatform/services/organization/impl/UserProfileData.hbm.xml</value>
        </values-param>
      </init-params>
    </component-plugin>
  </external-component-plugins>
  
  <external-component-plugins>
    <target-component>org.exoplatform.services.naming.InitialContextInitializer</target-component>
    <component-plugin>
      <name>bind.datasource</name>
      <set-method>addPlugin</set-method>
      <type>org.exoplatform.services.naming.BindReferencePlugin</type>
      <init-params>
        <value-param>
          <name>bind-name</name>
          <value>jdbcexo</value>
        </value-param>
        <value-param>
          <name>class-name</name>
          <value>javax.sql.DataSource</value>
        </value-param>
        <value-param>
          <name>factory</name>
          <value>org.apache.commons.dbcp.BasicDataSourceFactory</value>
        </value-param>
        <properties-param>
          <name>ref-addresses</name>
          <description>ref-addresses</description>
          <property name="driverClassName" value="org.hsqldb.jdbcDriver"/>
          <property name="url" value="jdbc:hsqldb:mem:target/temp/data/portal"/>
          <property name="username" value="sa"/>
          <property name="password" value=""/>
        </properties-param>
      </init-params>
    </component-plugin>        
  </external-component-plugins>
  
  <external-component-plugins>
    <target-component>org.exoplatform.services.listener.ListenerService</target-component>
    <component-plugin>
      <name>exo.service.authentication.login</name>
      <set-method>addListener</set-method>
      <type>org.exoplatform.services.organization.auth.MembershipListener</type>
    </component-plugin>
  </external-component-plugins>
  
      
  
  
  <external-component-plugins>
    <target-component>org.exoplatform.services.organization.OrganizationService</target-component>    
    <component-plugin>
      <name>ecm.new.group.event.listener</name>
      <set-method>addListenerPlugin</set-method>
      <type>org.exoplatform.services.jcr.ext.hierarchy.impl.NewGroupListener</type>
      <description>description</description>
      <init-params>
        <object-param>
          <name>configuration></name>
          <description>description</description>
          <object type="org.exoplatform.services.jcr.ext.hierarchy.impl.HierarchyConfig">
            <field  name="repository"><string>repository</string></field>
             <field name="workspaces">
               <collection type="java.util.ArrayList">
                <value><string>collaboration</string></value>                              
              </collection>                
            </field>            
            <field  name="jcrPaths">
               <collection type="java.util.ArrayList">
                <value>                
                   <object type="org.exoplatform.services.jcr.ext.hierarchy.impl.HierarchyConfig$JcrPath">                   
                     <field name="alias"><string>groupApplicationData</string></field>
                    <field name="path"><string>ApplicationData</string></field>
                    <field name="nodeType"><string>nt:unstructured</string></field>
                    <field name="permissions">
                      <collection type="java.util.ArrayList">               
                        <value>                            
                          <object type="org.exoplatform.services.jcr.ext.hierarchy.impl.HierarchyConfig$Permission">             
                            <field name="identity"><string>*:/platform/administrators</string></field>
                            <field name="read"><string>true</string></field>                
                            <field name="addNode"><string>true</string></field>                
                            <field name="setProperty"><string>true</string></field>                
                            <field name="remove"><string>true</string></field>                
                          </object>  
                        </value>                        
                      </collection>
                    </field>                                            
                  </object>
                </value>                                                            
               </collection>
            </field>            
          </object>
        </object-param>
      </init-params> 
    </component-plugin>
    <component-plugin>
      <name>ecm.new.user.event.listener</name>
      <set-method>addListenerPlugin</set-method>
      <type>org.exoplatform.services.jcr.ext.hierarchy.impl.NewUserListener</type>
      <description>description</description>
      <init-params>
        <object-param>
          <name>configuration</name>
          <description>description</description>
          <object type="org.exoplatform.services.jcr.ext.hierarchy.impl.HierarchyConfig">
            <field  name="repository"><string>repository</string></field>
             <field name="workspaces">
               <collection type="java.util.ArrayList">
                <value><string>collaboration</string></value>                              
              </collection>                
            </field>            
            <field  name="jcrPaths">
               <collection type="java.util.ArrayList">
                <value>                
                   <object type="org.exoplatform.services.jcr.ext.hierarchy.impl.HierarchyConfig$JcrPath">                   
                     <field name="alias"><string>userApplicationData</string></field>
                    <field name="path"><string>ApplicationData</string></field>
                    <field name="nodeType"><string>nt:unstructured</string></field>
                    <field name="permissions">
                      <collection type="java.util.ArrayList">               
                        <value>                            
                          <object type="org.exoplatform.services.jcr.ext.hierarchy.impl.HierarchyConfig$Permission">             
                            <field name="identity"><string>*:/platform/administrators</string></field>
                            <field name="read"><string>true</string></field>                
                            <field name="addNode"><string>true</string></field>                
                            <field name="setProperty"><string>true</string></field>                
                            <field name="remove"><string>true</string></field>                
                          </object>  
                        </value>                        
                      </collection>
                    </field>                                            
                  </object>
                </value>                
               </collection>
            </field>            
          </object>
        </object-param>
      </init-params>
    </component-plugin>
  </external-component-plugins>

  <external-component-plugins>
    <target-component>org.exoplatform.services.organization.OrganizationService</target-component>    
    <component-plugin>
      <name>ecm.new.group.event.listener</name>
      <set-method>addListenerPlugin</set-method>
      <type>org.exoplatform.services.jcr.ext.hierarchy.impl.NewGroupListener</type>
      <description>description</description>
      <init-params>
        <object-param>
          <name>configuration></name>
          <description>description</description>
          <object type="org.exoplatform.services.jcr.ext.hierarchy.impl.HierarchyConfig">
            <field  name="repository"><string>repository</string></field>
             <field name="workspaces">
               <collection type="java.util.ArrayList">
                <value><string>collaboration</string></value>                              
              </collection>                
            </field>            
            <field  name="jcrPaths">
               <collection type="java.util.ArrayList">
                <value>                
                   <object type="org.exoplatform.services.jcr.ext.hierarchy.impl.HierarchyConfig$JcrPath">                   
                     <field name="alias"><string>groupApplicationData</string></field>
                    <field name="path"><string>ApplicationData</string></field>
                    <field name="nodeType"><string>nt:unstructured</string></field>
                    <field name="permissions">
                      <collection type="java.util.ArrayList">               
                        <value>                            
                          <object type="org.exoplatform.services.jcr.ext.hierarchy.impl.HierarchyConfig$Permission">             
                            <field name="identity"><string>*:/platform/administrators</string></field>
                            <field name="read"><string>true</string></field>                
                            <field name="addNode"><string>true</string></field>                
                            <field name="setProperty"><string>true</string></field>                
                            <field name="remove"><string>true</string></field>                
                          </object>  
                        </value>                        
                      </collection>
                    </field>                                            
                  </object>
                </value>                                                            
               </collection>
            </field>            
          </object>
        </object-param>
      </init-params> 
    </component-plugin>
    <component-plugin>
      <name>ecm.new.user.event.listener</name>
      <set-method>addListenerPlugin</set-method>
      <type>org.exoplatform.services.jcr.ext.hierarchy.impl.NewUserListener</type>
      <description>description</description>
      <init-params>
        <object-param>
          <name>configuration</name>
          <description>description</description>
          <object type="org.exoplatform.services.jcr.ext.hierarchy.impl.HierarchyConfig">
            <field  name="repository"><string>repository</string></field>
             <field name="workspaces">
               <collection type="java.util.ArrayList">
                <value><string>collaboration</string></value>                              
              </collection>                
            </field>            
            <field  name="jcrPaths">
               <collection type="java.util.ArrayList">
                <value>                
                   <object type="org.exoplatform.services.jcr.ext.hierarchy.impl.HierarchyConfig$JcrPath">                   
                     <field name="alias"><string>userApplicationData</string></field>
                    <field name="path"><string>ApplicationData</string></field>
                    <field name="nodeType"><string>nt:unstructured</string></field>
                    <field name="permissions">
                      <collection type="java.util.ArrayList">               
                        <value>                            
                          <object type="org.exoplatform.services.jcr.ext.hierarchy.impl.HierarchyConfig$Permission">             
                            <field name="identity"><string>*:/platform/administrators</string></field>
                            <field name="read"><string>true</string></field>                
                            <field name="addNode"><string>true</string></field>                
                            <field name="setProperty"><string>true</string></field>                
                            <field name="remove"><string>true</string></field>                
                          </object>  
                        </value>                        
                      </collection>
                    </field>                                            
                  </object>
                </value>                
               </collection>
            </field>            
          </object>
        </object-param>
      </init-params>
    </component-plugin>     
  </external-component-plugins>
  
  
    <remove-configuration>org.exoplatform.services.deployment.ContentInitializerService</remove-configuration> 
    <remove-configuration>org.exoplatform.services.transaction.ExoTransactionService</remove-configuration> 
</configuration>